[2025-09-11T22:30:28.015+0000] {local_task_job_runner.py:123} INFO - ::group::Pre task execution logs
[2025-09-11T22:30:28.030+0000] {taskinstance.py:2614} INFO - Dependencies all met for dep_context=non-requeueable deps ti=<TaskInstance: metas_cbios_2019_pipeline.etl_metas_cbios-2019.populate_query_td_ext_anp.cbios_2019_job manual__2025-09-11T22:24:10.729111+00:00 [queued]>
[2025-09-11T22:30:28.038+0000] {taskinstance.py:2614} INFO - Dependencies all met for dep_context=requeueable deps ti=<TaskInstance: metas_cbios_2019_pipeline.etl_metas_cbios-2019.populate_query_td_ext_anp.cbios_2019_job manual__2025-09-11T22:24:10.729111+00:00 [queued]>
[2025-09-11T22:30:28.038+0000] {taskinstance.py:2867} INFO - Starting attempt 2 of 2
[2025-09-11T22:30:28.046+0000] {taskinstance.py:2890} INFO - Executing <Task(BigQueryInsertJobOperator): etl_metas_cbios-2019.populate_query_td_ext_anp.cbios_2019_job> on 2025-09-11 22:24:10.729111+00:00
[2025-09-11T22:30:28.053+0000] {standard_task_runner.py:104} INFO - Running: ['***', 'tasks', 'run', 'metas_cbios_2019_pipeline', 'etl_metas_cbios-2019.populate_query_td_ext_anp.cbios_2019_job', 'manual__2025-09-11T22:24:10.729111+00:00', '--job-id', '113', '--raw', '--subdir', 'DAGS_FOLDER/metas-individuais-cbios-2019.py', '--cfg-path', '/tmp/tmpap71o1n3']
[2025-09-11T22:30:28.054+0000] {standard_task_runner.py:105} INFO - Job 113: Subtask etl_metas_cbios-2019.populate_query_td_ext_anp.cbios_2019_job
[2025-09-11T22:30:28.055+0000] {logging_mixin.py:190} WARNING - /home/***/.local/lib/python3.12/site-packages/***/task/task_runner/standard_task_runner.py:70 DeprecationWarning: This process (pid=286) is multi-threaded, use of fork() may lead to deadlocks in the child.
[2025-09-11T22:30:28.056+0000] {standard_task_runner.py:72} INFO - Started process 291 to run task
[2025-09-11T22:30:28.088+0000] {task_command.py:467} INFO - Running <TaskInstance: metas_cbios_2019_pipeline.etl_metas_cbios-2019.populate_query_td_ext_anp.cbios_2019_job manual__2025-09-11T22:24:10.729111+00:00 [running]> on host 3f86374fd34d
[2025-09-11T22:30:28.140+0000] {taskinstance.py:3134} INFO - Exporting env vars: AIRFLOW_CTX_DAG_OWNER='***' AIRFLOW_CTX_DAG_ID='metas_cbios_2019_pipeline' AIRFLOW_CTX_TASK_ID='etl_metas_cbios-2019.populate_query_td_ext_anp.cbios_2019_job' AIRFLOW_CTX_EXECUTION_DATE='2025-09-11T22:24:10.729111+00:00' AIRFLOW_CTX_TRY_NUMBER='2' AIRFLOW_CTX_DAG_RUN_ID='manual__2025-09-11T22:24:10.729111+00:00'
[2025-09-11T22:30:28.141+0000] {taskinstance.py:732} INFO - ::endgroup::
[2025-09-11T22:30:28.182+0000] {connection.py:277} WARNING - Connection schemes (type: google_cloud_platform) shall not contain '_' according to RFC3986.
[2025-09-11T22:30:28.183+0000] {base.py:84} INFO - Retrieving connection 'google_cloud_default'
[2025-09-11T22:30:28.183+0000] {credentials_provider.py:402} INFO - Getting connection using `google.auth.default()` since no explicit credentials are provided.
[2025-09-11T22:30:28.222+0000] {bigquery.py:2665} INFO - Executing: {'query': {'query': "MERGE td_ext_anp.cbios_2019 AS target\nUSING (\nSELECT\n    codigo_agente_regulado,\n\tREGEXP_REPLACE(cnpj, r'[^0-9]', '') AS cnpj,\n\trazao_social,\n\tSAFE_CAST(somatorio_emissoes AS NUMERIC) AS somatorio_emissoes,\n\tSAFE_CAST(participacao_mercado AS NUMERIC) AS participacao_mercado,\n\tSAFE_CAST(meta_individual_2019 AS NUMERIC) AS meta_individual_2019,\n\tSAFE_CAST(meta_individual_2019_diaria AS NUMERIC) AS meta_individual_2019_diaria,\n    data_criacao\nFROM\n    rw_ext_anp.cbios_2019\nWHERE\n    data_criacao = (SELECT MAX(data_criacao) FROM rw_ext_anp.cbios_2019)\n) AS source\nON source.codigo_agente_regulado = target.codigo_agente_regulado\nAND source.cnpj = target.cnpj\nAND source.razao_social = target.razao_social\nWHEN MATCHED THEN\nUPDATE SET\n    target.somatorio_emissoes = source.somatorio_emissoes,\n    target.participacao_mercado = source.participacao_mercado,\n    target.meta_individual_2019 = source.meta_individual_2019,\n    target.meta_individual_2019_diaria = source.meta_individual_2019_diaria,\n    target.data_criacao = source.data_criacao\nWHEN NOT MATCHED THEN\nINSERT (\n    codigo_agente_regulado,\n\tcnpj,\n\trazao_social,\n\tsomatorio_emissoes,\n\tparticipacao_mercado,\n\tmeta_individual_2019,\n\tmeta_individual_2019_diaria,\n\tdata_criacao\n)\nVALUES (\n    source.codigo_agente_regulado,\n    source.cnpj,\n    source.razao_social,\n    source.somatorio_emissoes,\n    source.participacao_mercado,\n    source.meta_individual_2019,\n    source.meta_individual_2019_diaria,\n    source.data_criacao\n);", 'useLegacySql': False}}'
[2025-09-11T22:30:28.223+0000] {bigquery.py:1241} INFO - Inserting job ***_metas_cbios_2019_pipeline_etl_metas_cbios_2019_populate_query_td_ext_anp_cbios_2019_job_2025_09_11T22_24_10_729111_00_00_ec39151a5d911973b5196f60f425af47
[2025-09-11T22:30:32.024+0000] {bigquery.py:2636} INFO - Job ***_metas_cbios_2019_pipeline_etl_metas_cbios_2019_populate_query_td_ext_anp_cbios_2019_job_2025_09_11T22_24_10_729111_00_00_ec39151a5d911973b5196f60f425af47 is completed. Checking the job status
[2025-09-11T22:30:32.042+0000] {taskinstance.py:341} INFO - ::group::Post task execution logs
[2025-09-11T22:30:32.042+0000] {taskinstance.py:353} INFO - Marking task as SUCCESS. dag_id=metas_cbios_2019_pipeline, task_id=etl_metas_cbios-2019.populate_query_td_ext_anp.cbios_2019_job, run_id=manual__2025-09-11T22:24:10.729111+00:00, execution_date=20250911T222410, start_date=20250911T223028, end_date=20250911T223032
[2025-09-11T22:30:32.122+0000] {local_task_job_runner.py:266} INFO - Task exited with return code 0
[2025-09-11T22:30:32.139+0000] {taskinstance.py:3901} INFO - 0 downstream tasks scheduled from follow-on schedule check
[2025-09-11T22:30:32.140+0000] {local_task_job_runner.py:245} INFO - ::endgroup::
